<?xml version="1.0" encoding="UTF-8"?>
<!-- Generated by org.testng.reporters.JUnitReportReporter -->
<testsuite skipped="0" hostname="DESKTOP-E1N5NI0" name="MainTest" tests="1" failures="0" timestamp="2021-11-30T16:19:54 CST" time="0.000" errors="0">
  <testcase name="testPrintHelloWorld" time="0.000" classname="MainTest"/>
  <system-out/>
</testsuite> <!-- MainTest -->
